* installing *source* package ‘lmmprobe’ ...
** this is package ‘lmmprobe’ version ‘1.0.1’
** using staged installation
** libs
using C++ compiler: ‘g++ (GCC) 15.2.1 20260209’
g++ -std=gnu++17 -I"/usr/include/R/" -DNDEBUG  -I'/home/peter/R/x86_64-pc-linux-gnu-library/4.5/Rcpp/include' -I'/home/peter/R/x86_64-pc-linux-gnu-library/4.5/RcppArmadillo/include' -I/usr/local/include   -fopenmp  -fpic  -march=x86-64 -mtune=generic -O2 -pipe -fno-plt -fexceptions         -Wp,-D_FORTIFY_SOURCE=3 -Wformat -Werror=format-security         -fstack-clash-protection -fcf-protection         -fno-omit-frame-pointer -mno-omit-leaf-frame-pointer -Wp,-D_GLIBCXX_ASSERTIONS -g -ffile-prefix-map=/build/r/src=/usr/src/debug/r -flto=auto -ffat-lto-objects   -c Col_sum.cpp -o Col_sum.o
g++ -std=gnu++17 -I"/usr/include/R/" -DNDEBUG  -I'/home/peter/R/x86_64-pc-linux-gnu-library/4.5/Rcpp/include' -I'/home/peter/R/x86_64-pc-linux-gnu-library/4.5/RcppArmadillo/include' -I/usr/local/include   -fopenmp  -fpic  -march=x86-64 -mtune=generic -O2 -pipe -fno-plt -fexceptions         -Wp,-D_FORTIFY_SOURCE=3 -Wformat -Werror=format-security         -fstack-clash-protection -fcf-protection         -fno-omit-frame-pointer -mno-omit-leaf-frame-pointer -Wp,-D_GLIBCXX_ASSERTIONS -g -ffile-prefix-map=/build/r/src=/usr/src/debug/r -flto=auto -ffat-lto-objects   -c Expectations.cpp -o Expectations.o
g++ -std=gnu++17 -I"/usr/include/R/" -DNDEBUG  -I'/home/peter/R/x86_64-pc-linux-gnu-library/4.5/Rcpp/include' -I'/home/peter/R/x86_64-pc-linux-gnu-library/4.5/RcppArmadillo/include' -I/usr/local/include   -fopenmp  -fpic  -march=x86-64 -mtune=generic -O2 -pipe -fno-plt -fexceptions         -Wp,-D_FORTIFY_SOURCE=3 -Wformat -Werror=format-security         -fstack-clash-protection -fcf-protection         -fno-omit-frame-pointer -mno-omit-leaf-frame-pointer -Wp,-D_GLIBCXX_ASSERTIONS -g -ffile-prefix-map=/build/r/src=/usr/src/debug/r -flto=auto -ffat-lto-objects   -c LM_by_col_scenario2.cpp -o LM_by_col_scenario2.o
g++ -std=gnu++17 -I"/usr/include/R/" -DNDEBUG  -I'/home/peter/R/x86_64-pc-linux-gnu-library/4.5/Rcpp/include' -I'/home/peter/R/x86_64-pc-linux-gnu-library/4.5/RcppArmadillo/include' -I/usr/local/include   -fopenmp  -fpic  -march=x86-64 -mtune=generic -O2 -pipe -fno-plt -fexceptions         -Wp,-D_FORTIFY_SOURCE=3 -Wformat -Werror=format-security         -fstack-clash-protection -fcf-protection         -fno-omit-frame-pointer -mno-omit-leaf-frame-pointer -Wp,-D_GLIBCXX_ASSERTIONS -g -ffile-prefix-map=/build/r/src=/usr/src/debug/r -flto=auto -ffat-lto-objects   -c LM_by_col_w_covs.cpp -o LM_by_col_w_covs.o
g++ -std=gnu++17 -I"/usr/include/R/" -DNDEBUG  -I'/home/peter/R/x86_64-pc-linux-gnu-library/4.5/Rcpp/include' -I'/home/peter/R/x86_64-pc-linux-gnu-library/4.5/RcppArmadillo/include' -I/usr/local/include   -fopenmp  -fpic  -march=x86-64 -mtune=generic -O2 -pipe -fno-plt -fexceptions         -Wp,-D_FORTIFY_SOURCE=3 -Wformat -Werror=format-security         -fstack-clash-protection -fcf-protection         -fno-omit-frame-pointer -mno-omit-leaf-frame-pointer -Wp,-D_GLIBCXX_ASSERTIONS -g -ffile-prefix-map=/build/r/src=/usr/src/debug/r -flto=auto -ffat-lto-objects   -c MVM.cpp -o MVM.o
g++ -std=gnu++17 -I"/usr/include/R/" -DNDEBUG  -I'/home/peter/R/x86_64-pc-linux-gnu-library/4.5/Rcpp/include' -I'/home/peter/R/x86_64-pc-linux-gnu-library/4.5/RcppArmadillo/include' -I/usr/local/include   -fopenmp  -fpic  -march=x86-64 -mtune=generic -O2 -pipe -fno-plt -fexceptions         -Wp,-D_FORTIFY_SOURCE=3 -Wformat -Werror=format-security         -fstack-clash-protection -fcf-protection         -fno-omit-frame-pointer -mno-omit-leaf-frame-pointer -Wp,-D_GLIBCXX_ASSERTIONS -g -ffile-prefix-map=/build/r/src=/usr/src/debug/r -flto=auto -ffat-lto-objects   -c RcppExports.cpp -o RcppExports.o
g++ -std=gnu++17 -I"/usr/include/R/" -DNDEBUG  -I'/home/peter/R/x86_64-pc-linux-gnu-library/4.5/Rcpp/include' -I'/home/peter/R/x86_64-pc-linux-gnu-library/4.5/RcppArmadillo/include' -I/usr/local/include   -fopenmp  -fpic  -march=x86-64 -mtune=generic -O2 -pipe -fno-plt -fexceptions         -Wp,-D_FORTIFY_SOURCE=3 -Wformat -Werror=format-security         -fstack-clash-protection -fcf-protection         -fno-omit-frame-pointer -mno-omit-leaf-frame-pointer -Wp,-D_GLIBCXX_ASSERTIONS -g -ffile-prefix-map=/build/r/src=/usr/src/debug/r -flto=auto -ffat-lto-objects   -c Row_sum.cpp -o Row_sum.o
g++ -std=gnu++17 -I"/usr/include/R/" -DNDEBUG  -I'/home/peter/R/x86_64-pc-linux-gnu-library/4.5/Rcpp/include' -I'/home/peter/R/x86_64-pc-linux-gnu-library/4.5/RcppArmadillo/include' -I/usr/local/include   -fopenmp  -fpic  -march=x86-64 -mtune=generic -O2 -pipe -fno-plt -fexceptions         -Wp,-D_FORTIFY_SOURCE=3 -Wformat -Werror=format-security         -fstack-clash-protection -fcf-protection         -fno-omit-frame-pointer -mno-omit-leaf-frame-pointer -Wp,-D_GLIBCXX_ASSERTIONS -g -ffile-prefix-map=/build/r/src=/usr/src/debug/r -flto=auto -ffat-lto-objects   -c UNHIDEM_cpp0_5_scenario2.cpp -o UNHIDEM_cpp0_5_scenario2.o
g++ -std=gnu++17 -I"/usr/include/R/" -DNDEBUG  -I'/home/peter/R/x86_64-pc-linux-gnu-library/4.5/Rcpp/include' -I'/home/peter/R/x86_64-pc-linux-gnu-library/4.5/RcppArmadillo/include' -I/usr/local/include   -fopenmp  -fpic  -march=x86-64 -mtune=generic -O2 -pipe -fno-plt -fexceptions         -Wp,-D_FORTIFY_SOURCE=3 -Wformat -Werror=format-security         -fstack-clash-protection -fcf-protection         -fno-omit-frame-pointer -mno-omit-leaf-frame-pointer -Wp,-D_GLIBCXX_ASSERTIONS -g -ffile-prefix-map=/build/r/src=/usr/src/debug/r -flto=auto -ffat-lto-objects   -c UNHIDEM_cpp0_5_w_covs.cpp -o UNHIDEM_cpp0_5_w_covs.o
g++ -std=gnu++17 -shared -L/usr/lib64/R/lib -Wl,-O1 -Wl,--sort-common -Wl,--as-needed -Wl,-z,relro -Wl,-z,now -Wl,-z,pack-relative-relocs -flto=auto -o lmmprobe.so Col_sum.o Expectations.o LM_by_col_scenario2.o LM_by_col_w_covs.o MVM.o RcppExports.o Row_sum.o UNHIDEM_cpp0_5_scenario2.o UNHIDEM_cpp0_5_w_covs.o -fopenmp -llapack -lblas -lgfortran -lm -lquadmath -L/usr/lib64/R/lib -lR
installing to /home/peter/OneDrive/RA/2026028_lmmprobe/lmmprobe/lmmprobe.Rcheck/00LOCK-lmmprobe/00new/lmmprobe/libs
** R
** data
** inst
** byte-compile and prepare package for lazy loading
** help
*** installing help indices
** building package indices
** installing vignettes
** testing if installed package can be loaded from temporary location
** checking absolute paths in shared objects and dynamic libraries
** testing if installed package can be loaded from final location
** testing if installed package keeps a record of temporary installation path
* DONE (lmmprobe)
